Analysis & Synthesis report for ball
Thu Nov 15 18:18:47 2018
Quartus Prime Version 18.0.0 Build 614 04/24/2018 SJ Standard Edition


---------------------
; Table of Contents ;
---------------------
  1. Legal Notice
  2. Analysis & Synthesis Summary
  3. Analysis & Synthesis Settings
  4. Parallel Compilation
  5. Analysis & Synthesis Messages
  6. Analysis & Synthesis Suppressed Messages



----------------
; Legal Notice ;
----------------
Copyright (C) 2018  Intel Corporation. All rights reserved.
Your use of Intel Corporation's design tools, logic functions 
and other software and tools, and its AMPP partner logic 
functions, and any output files from any of the foregoing 
(including device programming or simulation files), and any 
associated documentation or information are expressly subject 
to the terms and conditions of the Intel Program License 
Subscription Agreement, the Intel Quartus Prime License Agreement,
the Intel FPGA IP License Agreement, or other applicable license
agreement, including, without limitation, that your use is for
the sole purpose of programming logic devices manufactured by
Intel and sold by Intel or its authorized distributors.  Please
refer to the applicable agreement for further details.



+-------------------------------------------------------------------------------+
; Analysis & Synthesis Summary                                                  ;
+-----------------------------+-------------------------------------------------+
; Analysis & Synthesis Status ; Failed - Thu Nov 15 18:18:47 2018               ;
; Quartus Prime Version       ; 18.0.0 Build 614 04/24/2018 SJ Standard Edition ;
; Revision Name               ; ball                                            ;
; Top-level Entity Name       ; ball                                            ;
; Family                      ; Cyclone V                                       ;
; Logic utilization (in ALMs) ; N/A until Partition Merge                       ;
; Total registers             ; N/A until Partition Merge                       ;
; Total pins                  ; N/A until Partition Merge                       ;
; Total virtual pins          ; N/A until Partition Merge                       ;
; Total block memory bits     ; N/A until Partition Merge                       ;
; Total PLLs                  ; N/A until Partition Merge                       ;
; Total DLLs                  ; N/A until Partition Merge                       ;
+-----------------------------+-------------------------------------------------+


+---------------------------------------------------------------------------------------------------------------------------+
; Analysis & Synthesis Settings                                                                                             ;
+---------------------------------------------------------------------------------+--------------------+--------------------+
; Option                                                                          ; Setting            ; Default Value      ;
+---------------------------------------------------------------------------------+--------------------+--------------------+
; Device                                                                          ; 5CSEMA5F31C6       ;                    ;
; Top-level entity name                                                           ; ball               ; ball               ;
; Family name                                                                     ; Cyclone V          ; Cyclone V          ;
; Use smart compilation                                                           ; Off                ; Off                ;
; Enable parallel Assembler and Timing Analyzer during compilation                ; On                 ; On                 ;
; Enable compact report table                                                     ; Off                ; Off                ;
; Restructure Multiplexers                                                        ; Auto               ; Auto               ;
; MLAB Add Timing Constraints For Mixed-Port Feed-Through Mode Setting Don't Care ; Off                ; Off                ;
; Create Debugging Nodes for IP Cores                                             ; Off                ; Off                ;
; Preserve fewer node names                                                       ; On                 ; On                 ;
; Intel FPGA IP Evaluation Mode                                                   ; Enable             ; Enable             ;
; Verilog Version                                                                 ; Verilog_2001       ; Verilog_2001       ;
; VHDL Version                                                                    ; VHDL_1993          ; VHDL_1993          ;
; State Machine Processing                                                        ; Auto               ; Auto               ;
; Safe State Machine                                                              ; Off                ; Off                ;
; Extract Verilog State Machines                                                  ; On                 ; On                 ;
; Extract VHDL State Machines                                                     ; On                 ; On                 ;
; Ignore Verilog initial constructs                                               ; Off                ; Off                ;
; Iteration limit for constant Verilog loops                                      ; 5000               ; 5000               ;
; Iteration limit for non-constant Verilog loops                                  ; 250                ; 250                ;
; Add Pass-Through Logic to Inferred RAMs                                         ; On                 ; On                 ;
; Infer RAMs from Raw Logic                                                       ; On                 ; On                 ;
; Parallel Synthesis                                                              ; On                 ; On                 ;
; DSP Block Balancing                                                             ; Auto               ; Auto               ;
; NOT Gate Push-Back                                                              ; On                 ; On                 ;
; Power-Up Don't Care                                                             ; On                 ; On                 ;
; Remove Redundant Logic Cells                                                    ; Off                ; Off                ;
; Remove Duplicate Registers                                                      ; On                 ; On                 ;
; Ignore CARRY Buffers                                                            ; Off                ; Off                ;
; Ignore CASCADE Buffers                                                          ; Off                ; Off                ;
; Ignore GLOBAL Buffers                                                           ; Off                ; Off                ;
; Ignore ROW GLOBAL Buffers                                                       ; Off                ; Off                ;
; Ignore LCELL Buffers                                                            ; Off                ; Off                ;
; Ignore SOFT Buffers                                                             ; On                 ; On                 ;
; Limit AHDL Integers to 32 Bits                                                  ; Off                ; Off                ;
; Optimization Technique                                                          ; Balanced           ; Balanced           ;
; Carry Chain Length                                                              ; 70                 ; 70                 ;
; Auto Carry Chains                                                               ; On                 ; On                 ;
; Auto Open-Drain Pins                                                            ; On                 ; On                 ;
; Perform WYSIWYG Primitive Resynthesis                                           ; Off                ; Off                ;
; Auto ROM Replacement                                                            ; On                 ; On                 ;
; Auto RAM Replacement                                                            ; On                 ; On                 ;
; Auto DSP Block Replacement                                                      ; On                 ; On                 ;
; Auto Shift Register Replacement                                                 ; Auto               ; Auto               ;
; Allow Shift Register Merging across Hierarchies                                 ; Auto               ; Auto               ;
; Auto Clock Enable Replacement                                                   ; On                 ; On                 ;
; Strict RAM Replacement                                                          ; Off                ; Off                ;
; Allow Synchronous Control Signals                                               ; On                 ; On                 ;
; Force Use of Synchronous Clear Signals                                          ; Off                ; Off                ;
; Auto Resource Sharing                                                           ; Off                ; Off                ;
; Allow Any RAM Size For Recognition                                              ; Off                ; Off                ;
; Allow Any ROM Size For Recognition                                              ; Off                ; Off                ;
; Allow Any Shift Register Size For Recognition                                   ; Off                ; Off                ;
; Use LogicLock Constraints during Resource Balancing                             ; On                 ; On                 ;
; Ignore translate_off and synthesis_off directives                               ; Off                ; Off                ;
; Timing-Driven Synthesis                                                         ; On                 ; On                 ;
; Report Parameter Settings                                                       ; On                 ; On                 ;
; Report Source Assignments                                                       ; On                 ; On                 ;
; Report Connectivity Checks                                                      ; On                 ; On                 ;
; Ignore Maximum Fan-Out Assignments                                              ; Off                ; Off                ;
; Synchronization Register Chain Length                                           ; 3                  ; 3                  ;
; Power Optimization During Synthesis                                             ; Normal compilation ; Normal compilation ;
; HDL message level                                                               ; Level2             ; Level2             ;
; Suppress Register Optimization Related Messages                                 ; Off                ; Off                ;
; Number of Removed Registers Reported in Synthesis Report                        ; 5000               ; 5000               ;
; Number of Swept Nodes Reported in Synthesis Report                              ; 5000               ; 5000               ;
; Number of Inverted Registers Reported in Synthesis Report                       ; 100                ; 100                ;
; Clock MUX Protection                                                            ; On                 ; On                 ;
; Auto Gated Clock Conversion                                                     ; Off                ; Off                ;
; Block Design Naming                                                             ; Auto               ; Auto               ;
; SDC constraint protection                                                       ; Off                ; Off                ;
; Synthesis Effort                                                                ; Auto               ; Auto               ;
; Shift Register Replacement - Allow Asynchronous Clear Signal                    ; On                 ; On                 ;
; Pre-Mapping Resynthesis Optimization                                            ; Off                ; Off                ;
; Analysis & Synthesis Message Level                                              ; Medium             ; Medium             ;
; Disable Register Merging Across Hierarchies                                     ; Auto               ; Auto               ;
; Resource Aware Inference For Block RAM                                          ; On                 ; On                 ;
; Automatic Parallel Synthesis                                                    ; On                 ; On                 ;
; Partial Reconfiguration Bitstream ID                                            ; Off                ; Off                ;
+---------------------------------------------------------------------------------+--------------------+--------------------+


+------------------------------------------+
; Parallel Compilation                     ;
+----------------------------+-------------+
; Processors                 ; Number      ;
+----------------------------+-------------+
; Number detected on machine ; 8           ;
; Maximum allowed            ; 4           ;
;                            ;             ;
; Average used               ; 1.00        ;
; Maximum used               ; 1           ;
;                            ;             ;
; Usage by Processor         ; % Time Used ;
;     Processor 1            ; 100.0%      ;
+----------------------------+-------------+


+-------------------------------+
; Analysis & Synthesis Messages ;
+-------------------------------+
Info: *******************************************************************
Info: Running Quartus Prime Analysis & Synthesis
    Info: Version 18.0.0 Build 614 04/24/2018 SJ Standard Edition
    Info: Processing started: Thu Nov 15 18:18:35 2018
Info: Command: quartus_map --read_settings_files=on --write_settings_files=off ball -c ball
Warning (18236): Number of processors has not been specified which may cause overloading on shared machines.  Set the global assignment NUM_PARALLEL_PROCESSORS in your QSF to an appropriate value for best performance.
Info (20030): Parallel compilation is enabled and will use 4 of the 4 processors detected
Warning (10229): Verilog HDL Expression warning at ball.v(728): truncated literal to match 7 bits File: //SRVA/Homes$/nownahal/Documents/Pong-AI/ball.v Line: 728
Info (12021): Found 9 design units, including 9 entities, in source file ball.v
    Info (12023): Found entity 1: vga_adapter File: //SRVA/Homes$/nownahal/Documents/Pong-AI/vga_adapter/vga_adapter.v Line: 78
    Info (12023): Found entity 2: vga_address_translator File: //SRVA/Homes$/nownahal/Documents/Pong-AI/vga_adapter/vga_address_translator.v Line: 4
    Info (12023): Found entity 3: vga_controller File: //SRVA/Homes$/nownahal/Documents/Pong-AI/vga_adapter/vga_controller.v Line: 9
    Info (12023): Found entity 4: vga_pll File: //SRVA/Homes$/nownahal/Documents/Pong-AI/vga_adapter/vga_pll.v Line: 36
    Info (12023): Found entity 5: ball File: //SRVA/Homes$/nownahal/Documents/Pong-AI/ball.v Line: 11
    Info (12023): Found entity 6: control File: //SRVA/Homes$/nownahal/Documents/Pong-AI/ball.v Line: 141
    Info (12023): Found entity 7: datapath File: //SRVA/Homes$/nownahal/Documents/Pong-AI/ball.v Line: 569
    Info (12023): Found entity 8: bosses File: //SRVA/Homes$/nownahal/Documents/Pong-AI/ball.v Line: 789
    Info (12023): Found entity 9: hex_decoder File: //SRVA/Homes$/nownahal/Documents/Pong-AI/ball.v Line: 1054
Warning (10236): Verilog HDL Implicit Net warning at ball.v(86): created implicit net for "x" File: //SRVA/Homes$/nownahal/Documents/Pong-AI/ball.v Line: 86
Warning (10236): Verilog HDL Implicit Net warning at ball.v(86): created implicit net for "x_lp" File: //SRVA/Homes$/nownahal/Documents/Pong-AI/ball.v Line: 86
Warning (10236): Verilog HDL Implicit Net warning at ball.v(86): created implicit net for "x_rp" File: //SRVA/Homes$/nownahal/Documents/Pong-AI/ball.v Line: 86
Warning (10236): Verilog HDL Implicit Net warning at ball.v(87): created implicit net for "y" File: //SRVA/Homes$/nownahal/Documents/Pong-AI/ball.v Line: 87
Warning (10236): Verilog HDL Implicit Net warning at ball.v(87): created implicit net for "y_lp" File: //SRVA/Homes$/nownahal/Documents/Pong-AI/ball.v Line: 87
Warning (10236): Verilog HDL Implicit Net warning at ball.v(87): created implicit net for "y_rp" File: //SRVA/Homes$/nownahal/Documents/Pong-AI/ball.v Line: 87
Error (10137): Verilog HDL Procedural Assignment error at ball.v(875): object "up_button" on left-hand side of assignment must have a variable data type File: //SRVA/Homes$/nownahal/Documents/Pong-AI/ball.v Line: 875
Error (10231): Verilog HDL error at ball.v(875): value cannot be assigned to input "up_button" File: //SRVA/Homes$/nownahal/Documents/Pong-AI/ball.v Line: 875
Error (10137): Verilog HDL Procedural Assignment error at ball.v(876): object "down_button" on left-hand side of assignment must have a variable data type File: //SRVA/Homes$/nownahal/Documents/Pong-AI/ball.v Line: 876
Error (10231): Verilog HDL error at ball.v(876): value cannot be assigned to input "down_button" File: //SRVA/Homes$/nownahal/Documents/Pong-AI/ball.v Line: 876
Error (10137): Verilog HDL Procedural Assignment error at ball.v(877): object "go_button" on left-hand side of assignment must have a variable data type File: //SRVA/Homes$/nownahal/Documents/Pong-AI/ball.v Line: 877
Error (10231): Verilog HDL error at ball.v(877): value cannot be assigned to input "go_button" File: //SRVA/Homes$/nownahal/Documents/Pong-AI/ball.v Line: 877
Error (10137): Verilog HDL Procedural Assignment error at ball.v(878): object "speed_button" on left-hand side of assignment must have a variable data type File: //SRVA/Homes$/nownahal/Documents/Pong-AI/ball.v Line: 878
Error (10231): Verilog HDL error at ball.v(878): value cannot be assigned to input "speed_button" File: //SRVA/Homes$/nownahal/Documents/Pong-AI/ball.v Line: 878
Error (10161): Verilog HDL error at ball.v(493): object "PONG_CYCLE_BACKGROUND" is not declared. Verify the object name is correct. If the name is correct, declare the object. File: //SRVA/Homes$/nownahal/Documents/Pong-AI/ball.v Line: 493
Error (10161): Verilog HDL error at ball.v(493): object "counter_background" is not declared. Verify the object name is correct. If the name is correct, declare the object. File: //SRVA/Homes$/nownahal/Documents/Pong-AI/ball.v Line: 493
Error (10161): Verilog HDL error at ball.v(494): object "counter_background" is not declared. Verify the object name is correct. If the name is correct, declare the object. File: //SRVA/Homes$/nownahal/Documents/Pong-AI/ball.v Line: 494
Info (144001): Generated suppressed messages file //SRVA/Homes$/nownahal/Documents/Pong-AI/ball.map.smsg
Error: Quartus Prime Analysis & Synthesis was unsuccessful. 11 errors, 8 warnings
    Error: Peak virtual memory: 670 megabytes
    Error: Processing ended: Thu Nov 15 18:18:47 2018
    Error: Elapsed time: 00:00:12
    Error: Total CPU time (on all processors): 00:00:23


+------------------------------------------+
; Analysis & Synthesis Suppressed Messages ;
+------------------------------------------+
The suppressed messages can be found in //SRVA/Homes$/nownahal/Documents/Pong-AI/ball.map.smsg.


